<?xml version="1.0" encoding="UTF-8"?>
<!-- Generated by org.testng.reporters.JUnitReportReporter -->
<testsuite hostname="GURU" failures="0" tests="1" name="Test1.OpenYoutube" time="10.633" errors="0" timestamp="2024-05-29T11:44:22 IST" skipped="0">
  <testcase classname="Test1.OpenYoutube" name="main" time="10.633"/>
  <system-out/>
</testsuite> <!-- Test1.OpenYoutube -->
