<?xml version="1.0" encoding="UTF-8"?>
<!-- Generated by org.testng.reporters.JUnitReportReporter -->
<testsuite hostname="GURU" failures="0" tests="1" name="Test1.OpenYoutube" time="8.290" errors="0" timestamp="2024-05-29T12:28:08 IST" skipped="0">
  <testcase classname="Test1.OpenYoutube" name="main" time="8.290"/>
  <system-out/>
</testsuite> <!-- Test1.OpenYoutube -->
